<?xml version="1.0" encoding="UTF-8"?>
<!-- Generated by org.testng.reporters.JUnitReportReporter -->
<testsuite hostname="Lenovo" failures="0" tests="1" name="com.myPages.Page" time="0.050" errors="0" timestamp="11 Jun 2021 07:50:49 GMT">
  <testcase classname="com.myPages.Page" name="f" time="0.050"/>
</testsuite> <!-- com.myPages.Page -->
