<?xml version="1.0" encoding="UTF-8"?>
<!-- Generated by org.testng.reporters.JUnitReportReporter -->
<testsuite hostname="Lenovo" failures="0" tests="2" name="com.myTestPages.LoginGmailTest" time="8.585" errors="0" timestamp="2021-06-11T22:15:10 IST" skipped="1">
  <testcase classname="com.myTestPages.LoginGmailTest" name="VerifyLogin" time="8.585"/>
  <system-out/>
  <testcase classname="com.myTestPages.LoginGmailTest" name="VerifyLoginPageTitle">
    <skipped/>
  </testcase> <!-- VerifyLoginPageTitle -->
  <system-out/>
</testsuite> <!-- com.myTestPages.LoginGmailTest -->
